[INFO] Starting execution.
[INFO] Downloading package list from PyPI ...
[ERROR] (x) This package does not have downloadable releases.
[INFO] (x-cloud-py) This package is up to date.
[INFO] (x-mroy-1045) This package is up to date.
[INFO] (x-mroy-1046) This package is up to date.
[INFO] (x-mroy-1047) This package is up to date.
[INFO] (x-mroy-1048) This package is up to date.
[INFO] (x-mroy-1050) This package is up to date.
[INFO] (x-mroy-1051) This package is up to date.
[INFO] (x-mroy-1052) This package is up to date.
[INFO] (x-py) This package is up to date.
[INFO] (x-ray) This package is up to date.
[INFO] (x-utils) This package is up to date.
[INFO] (x-x) This package is up to date.
[INFO] (x10-any) This package is up to date.
[INFO] (x100daemon) This package is up to date.
[INFO] (x100http) This package is up to date.
[INFO] (x100idgen) This package is up to date.
[INFO] (x11-hash) This package is up to date.
[INFO] (x13-hash) This package is up to date.
[INFO] (x13bcd-hash) This package is up to date.
[INFO] (x17-hash) This package is up to date.
[INFO] (x256) This package is up to date.
[INFO] (x2x) This package is up to date.
[INFO] (x2y) This package is up to date.
[INFO] (x3dh) This package is up to date.
[INFO] (x509) This package is up to date.
[INFO] (x6tunnel) This package is up to date.
[INFO] (x84) This package is up to date.
[INFO] (x86cpu) This package is up to date.
[INFO] (xaal-bugone) This package is up to date.
[INFO] (xaal-rfswitch) This package is up to date.
[INFO] (xacc) This package is up to date.
[INFO] (xacc-ibm) This package is up to date.
[INFO] (xacc-rigetti) This package is up to date.
[INFO] (xacc-vqe) This package is up to date.
[INFO] (xacto) This package is up to date.
[INFO] (xadix-dnspod) This package is up to date.
[INFO] (xadmin) This package is up to date.
[INFO] (xadmin-nimbus) This package is up to date.
[INFO] (xadrpy) This package is up to date.
[INFO] (xafsmass) This package is up to date.
[ERROR] (xail) This package does not have downloadable releases.
[INFO] (xal) This package is up to date.
[INFO] (xalanih) This package is up to date.
[INFO] (xalc) This package is up to date.
[INFO] (xaled-scrapers) This package is up to date.
[INFO] (xaled-utils) This package is up to date.
[INFO] (xaler) This package is up to date.
[INFO] (xalpha) This package is up to date.
[INFO] (xam) This package is up to date.
[INFO] (xamarin-legos) This package is up to date.
[INFO] (xamcheck-utils) This package is up to date.
[INFO] (xaml) This package is up to date.
[INFO] (xanadu) This package is up to date.
[INFO] (xanalogica-tumbler) This package is up to date.
[INFO] (xandikos) This package is up to date.
[INFO] (xanes) This package is up to date.
[INFO] (xanespy) This package is up to date.
[INFO] (xapi) This package is up to date.
[INFO] (xapian-haystack) This package is up to date.
[INFO] (xapo-sdk) This package is up to date.
[INFO] (xappy) This package is up to date.
[INFO] (xaptum-tpm-python) This package is up to date.
[ERROR] (xapwrap) This package does not have downloadable releases.
[ERROR] (xaql) This package does not have downloadable releases.
[INFO] (xar) This package is up to date.
[INFO] (xarn-asodb) This package is up to date.
[INFO] (xarray) This package is up to date.
[INFO] (xarray-extras) This package is up to date.
[INFO] (xarray-fits) This package is up to date.
[INFO] (xarray-ms) This package is up to date.
[INFO] (xarray-simlab) This package is up to date.
[INFO] (xarray-topo) This package is up to date.
[INFO] (xart) This package is up to date.
[ERROR] (xart3) Could not get a response from API for this package. See below for details.
Traceback (most recent call last):
  File "/usr/local/lib/python3.5/dist-packages/pypicontents/api/pypi.py", line 264, in get_pkgdata
    timeout=10).read()
  File "/usr/lib/python3.5/urllib/request.py", line 163, in urlopen
    return opener.open(url, data, timeout)
  File "/usr/lib/python3.5/urllib/request.py", line 472, in open
    response = meth(req, response)
  File "/usr/lib/python3.5/urllib/request.py", line 582, in http_response
    'http', request, response, code, msg, hdrs)
  File "/usr/lib/python3.5/urllib/request.py", line 510, in error
    return self._call_chain(*args)
  File "/usr/lib/python3.5/urllib/request.py", line 444, in _call_chain
    result = func(*args)
  File "/usr/lib/python3.5/urllib/request.py", line 590, in http_error_default
    raise HTTPError(req.full_url, code, msg, hdrs, fp)
urllib.error.HTTPError: HTTP Error 404: Not Found

[INFO] (xarticle) This package is up to date.
[ERROR] (xas) This package does not have downloadable releases.
[INFO] (xasm) This package is up to date.
[INFO] (xatk) This package is up to date.
[INFO] (xattr) This package is up to date.
[INFO] (xausky) This package is up to date.
[INFO] (xavi) This package is up to date.
[INFO] (xavier) This package is up to date.
[INFO] (xaxtsuxo) This package is up to date.
[ERROR] (xb) This package does not have downloadable releases.
[INFO] (xbahn) This package is up to date.
[INFO] (xbase) This package is up to date.
[INFO] (xbcf) This package is up to date.
[INFO] (xbcfg) This package is up to date.
[INFO] (xbee) This package is up to date.
[INFO] (xbee-helper) This package is up to date.
[INFO] (xbeetransmission) This package is up to date.
[INFO] (xbem) This package is up to date.
[INFO] (xbin) This package is up to date.
[INFO] (xblock) This package is up to date.
[INFO] (xblock-image-modal) This package is up to date.
[INFO] (xblock-openedx) This package is up to date.
[INFO] (xblock-openedx-utils) This package is up to date.
[INFO] (xblock-problem-builder) This package is up to date.
[INFO] (xblock-review) This package is up to date.
[ERROR] (xblock-sdk) This package does not have downloadable releases.
[INFO] (xblock-utils) This package is up to date.
[INFO] (xbmc-client) This package is up to date.
[INFO] (xbmc-json) This package is up to date.
[INFO] (xbmcswift2) This package is up to date.
[INFO] (xbob-buildout) This package is up to date.
[INFO] (xbob-daq) This package is up to date.
[INFO] (xbob-db-arface) This package is up to date.
[INFO] (xbob-db-atnt) This package is up to date.
[ERROR] (xbob-db-atvskeystroke) Could not get a response from API for this package. See below for details.
Traceback (most recent call last):
  File "/usr/local/lib/python3.5/dist-packages/pypicontents/api/pypi.py", line 264, in get_pkgdata
    timeout=10).read()
  File "/usr/lib/python3.5/urllib/request.py", line 163, in urlopen
    return opener.open(url, data, timeout)
  File "/usr/lib/python3.5/urllib/request.py", line 466, in open
    response = self._open(req, data)
  File "/usr/lib/python3.5/urllib/request.py", line 484, in _open
    '_open', req)
  File "/usr/lib/python3.5/urllib/request.py", line 444, in _call_chain
    result = func(*args)
  File "/usr/lib/python3.5/urllib/request.py", line 1297, in https_open
    context=self._context, check_hostname=self._check_hostname)
  File "/usr/lib/python3.5/urllib/request.py", line 1257, in do_open
    r = h.getresponse()
  File "/usr/lib/python3.5/http/client.py", line 1198, in getresponse
    response.begin()
  File "/usr/lib/python3.5/http/client.py", line 297, in begin
    version, status, reason = self._read_status()
  File "/usr/lib/python3.5/http/client.py", line 266, in _read_status
    raise RemoteDisconnected("Remote end closed connection without"
http.client.RemoteDisconnected: Remote end closed connection without response

[INFO] (xbob-db-banca) This package is up to date.
[INFO] (xbob-db-biosecure) This package is up to date.
[INFO] (xbob-db-biosecurid-face) This package is up to date.
[INFO] (xbob-db-casia-fasd) This package is up to date.
[INFO] (xbob-db-casme2) This package is up to date.
[INFO] (xbob-db-caspeal) This package is up to date.
[INFO] (xbob-db-faceverif-fl) This package is up to date.
[ERROR] (xbob-db-fir) Could not get a response from API for this package. See below for details.
Traceback (most recent call last):
  File "/usr/local/lib/python3.5/dist-packages/pypicontents/api/pypi.py", line 264, in get_pkgdata
    timeout=10).read()
  File "/usr/lib/python3.5/urllib/request.py", line 163, in urlopen
    return opener.open(url, data, timeout)
  File "/usr/lib/python3.5/urllib/request.py", line 472, in open
    response = meth(req, response)
  File "/usr/lib/python3.5/urllib/request.py", line 582, in http_response
    'http', request, response, code, msg, hdrs)
  File "/usr/lib/python3.5/urllib/request.py", line 504, in error
    result = self._call_chain(*args)
  File "/usr/lib/python3.5/urllib/request.py", line 444, in _call_chain
    result = func(*args)
  File "/usr/lib/python3.5/urllib/request.py", line 696, in http_error_302
    return self.parent.open(new, timeout=req.timeout)
  File "/usr/lib/python3.5/urllib/request.py", line 472, in open
    response = meth(req, response)
  File "/usr/lib/python3.5/urllib/request.py", line 582, in http_response
    'http', request, response, code, msg, hdrs)
  File "/usr/lib/python3.5/urllib/request.py", line 510, in error
    return self._call_chain(*args)
  File "/usr/lib/python3.5/urllib/request.py", line 444, in _call_chain
    result = func(*args)
  File "/usr/lib/python3.5/urllib/request.py", line 590, in http_error_default
    raise HTTPError(req.full_url, code, msg, hdrs, fp)
urllib.error.HTTPError: HTTP Error 404: Not Found

[INFO] (xbob-db-frgc) This package is up to date.
[INFO] (xbob-db-gbu) This package is up to date.
[INFO] (xbob-db-lfw) This package is up to date.
[INFO] (xbob-db-lfwidentification) This package is up to date.
[INFO] (xbob-db-livdet2013) This package is up to date.
[INFO] (xbob-db-maskattack) This package is up to date.
[INFO] (xbob-db-mnist) This package is up to date.
[INFO] (xbob-db-mobio) This package is up to date.
[INFO] (xbob-db-multipie) This package is up to date.
[INFO] (xbob-db-nist-sre12) This package is up to date.
[INFO] (xbob-db-nuaa) This package is up to date.
[INFO] (xbob-db-replay) This package is up to date.
[INFO] (xbob-db-scface) This package is up to date.
[INFO] (xbob-db-utfvp) This package is up to date.
[ERROR] (xbob-db-vera) This package does not have downloadable releases.
[INFO] (xbob-db-verification-filelist) This package is up to date.
[INFO] (xbob-db-verification-utils) This package is up to date.
[INFO] (xbob-db-voxforge) This package is up to date.
[INFO] (xbob-db-wine) This package is up to date.
[INFO] (xbob-db-xm2vts) This package is up to date.
[INFO] (xbob-example-faceverify) This package is up to date.
[INFO] (xbob-example-lda) This package is up to date.
[INFO] (xbob-extension) This package is up to date.
[INFO] (xbob-fingervein) This package is up to date.
[INFO] (xbob-flandmark) This package is up to date.
[INFO] (xbob-gender-bimodal) This package is up to date.
[INFO] (xbob-measure-bootstraps) This package is up to date.
[INFO] (xbob-measure-idmeasure) This package is up to date.
[INFO] (xbob-mlp-lbfgs) This package is up to date.
[INFO] (xbob-optflow-liu) This package is up to date.
[INFO] (xbob-paper-biosig2014) This package is up to date.
[INFO] (xbob-paper-btfs2013) This package is up to date.
[INFO] (xbob-paper-example) This package is up to date.
[INFO] (xbob-paper-jmlr2013) This package is up to date.
[INFO] (xbob-paper-tpami2013) This package is up to date.
[INFO] (xbob-sox) This package is up to date.
[INFO] (xbob-thesis-elshafey2014) This package is up to date.
[ERROR] (xboomx) This package does not have downloadable releases.
[INFO] (xbos) This package is up to date.
[INFO] (xbot) This package is up to date.
[INFO] (xbotium) This package is up to date.
[INFO] (xbow) This package is up to date.
[INFO] (xbowflow) This package is up to date.
[INFO] (xbox) This package is up to date.
[INFO] (xbox-smartglass-auxiliary) This package is up to date.
[INFO] (xbox-smartglass-core) Data has been updated for this package.
[INFO] (xbox-smartglass-rest) This package is up to date.
[INFO] (xbox-smartglass-stump) Data has been updated for this package.
[INFO] (xbox-webapi) Data has been updated for this package.
[INFO] (xbox360controller) This package is up to date.
[INFO] (xboxapi) This package is up to date.
[INFO] (xboxcontroller) This package is up to date.
[INFO] (xbpch) This package is up to date.
[INFO] (xbrl) This package is up to date.
[INFO] (xbrl-dart) This package is up to date.
[INFO] (xbundle) This package is up to date.
[INFO] (xbus) This package is up to date.
[INFO] (xbus-broker) This package is up to date.
[INFO] (xbus-file-emitter) This package is up to date.
[INFO] (xbus-monitor) This package is up to date.
[INFO] (xbvc) This package is up to date.
[INFO] (xc-ip-info) This package is up to date.
[INFO] (xcache) This package is up to date.
[INFO] (xcal-raman) This package is up to date.
[INFO] (xcal3d) This package is up to date.
[INFO] (xcam) This package is up to date.
[INFO] (xcanvas) This package is up to date.
[INFO] (xcat) This package is up to date.
[INFO] (xcbl) This package is up to date.
[INFO] (xccdf) This package is up to date.
[INFO] (xccdfparser) This package is up to date.
[INFO] (xcell) This package is up to date.
[INFO] (xcessiv) This package is up to date.
[INFO] (xcffib) This package is up to date.
[INFO] (xcfsyslogger) This package is up to date.
[INFO] (xchainer) This package is up to date.
[INFO] (xchem-ot) This package is up to date.
[INFO] (xcirculardichro) This package is up to date.
[INFO] (xclarity-client) This package is up to date.
[INFO] (xclient) This package is up to date.
[INFO] (xclipboard) This package is up to date.
[INFO] (xcloudpy) This package is up to date.
[INFO] (xcmd) This package is up to date.
[INFO] (xcms) This package is up to date.
[INFO] (xcode-releasemaker) This package is up to date.
[INFO] (xcodearchive) This package is up to date.
[INFO] (xcodetool) This package is up to date.
[INFO] (xcom2modsync) This package is up to date.
[INFO] (xcomment) This package is up to date.
[INFO] (xconnectpy) This package is up to date.
[INFO] (xcore) This package is up to date.
[INFO] (xcover) This package is up to date.
[INFO] (xcover-expression-language) This package is up to date.
[ERROR] (xcp) This package does not have downloadable releases.
[INFO] (xcrawler) This package is up to date.
[INFO] (xcrun) This package is up to date.
[INFO] (xcs) This package is up to date.
[INFO] (xcsoar) This package is up to date.
[ERROR] (xcsoartools) Could not get a response from API for this package. See below for details.
Traceback (most recent call last):
  File "/usr/local/lib/python3.5/dist-packages/pypicontents/api/pypi.py", line 264, in get_pkgdata
    timeout=10).read()
  File "/usr/lib/python3.5/urllib/request.py", line 163, in urlopen
    return opener.open(url, data, timeout)
  File "/usr/lib/python3.5/urllib/request.py", line 472, in open
    response = meth(req, response)
  File "/usr/lib/python3.5/urllib/request.py", line 582, in http_response
    'http', request, response, code, msg, hdrs)
  File "/usr/lib/python3.5/urllib/request.py", line 504, in error
    result = self._call_chain(*args)
  File "/usr/lib/python3.5/urllib/request.py", line 444, in _call_chain
    result = func(*args)
  File "/usr/lib/python3.5/urllib/request.py", line 696, in http_error_302
    return self.parent.open(new, timeout=req.timeout)
  File "/usr/lib/python3.5/urllib/request.py", line 472, in open
    response = meth(req, response)
  File "/usr/lib/python3.5/urllib/request.py", line 582, in http_response
    'http', request, response, code, msg, hdrs)
  File "/usr/lib/python3.5/urllib/request.py", line 510, in error
    return self._call_chain(*args)
  File "/usr/lib/python3.5/urllib/request.py", line 444, in _call_chain
    result = func(*args)
  File "/usr/lib/python3.5/urllib/request.py", line 590, in http_error_default
    raise HTTPError(req.full_url, code, msg, hdrs, fp)
urllib.error.HTTPError: HTTP Error 404: Not Found

[INFO] (xctemplateutils) This package is up to date.
[ERROR] (xctool) This package does not have downloadable releases.
[INFO] (xcut) This package is up to date.
[INFO] (xcute) This package is up to date.
[INFO] (xcy-mvtest) This package is up to date.
[INFO] (xcy-zscore) This package is up to date.
[INFO] (xcynester) This package is up to date.
[INFO] (xd) This package is up to date.
[INFO] (xd-docker) This package is up to date.
[INFO] (xd-tool) This package is up to date.
[INFO] (xdaemonocle) This package is up to date.
[INFO] (xdata) This package is up to date.
[INFO] (xdb) This package is up to date.
[INFO] (xdcc-dl) This package is up to date.
[INFO] (xdd2id) This package is up to date.
[INFO] (xddos) This package is up to date.
[ERROR] (xdebugtoolkit) Could not get a response from API for this package. See below for details.
Traceback (most recent call last):
  File "/usr/lib/python3.5/urllib/request.py", line 1254, in do_open
    h.request(req.get_method(), req.selector, req.data, headers)
  File "/usr/lib/python3.5/http/client.py", line 1107, in request
    self._send_request(method, url, body, headers)
  File "/usr/lib/python3.5/http/client.py", line 1152, in _send_request
    self.endheaders(body)
  File "/usr/lib/python3.5/http/client.py", line 1103, in endheaders
    self._send_output(message_body)
  File "/usr/lib/python3.5/http/client.py", line 934, in _send_output
    self.send(msg)
  File "/usr/lib/python3.5/http/client.py", line 877, in send
    self.connect()
  File "/usr/lib/python3.5/http/client.py", line 1253, in connect
    super().connect()
  File "/usr/lib/python3.5/http/client.py", line 849, in connect
    (self.host,self.port), self.timeout, self.source_address)
  File "/usr/lib/python3.5/socket.py", line 712, in create_connection
    raise err
  File "/usr/lib/python3.5/socket.py", line 703, in create_connection
    sock.connect(sa)
OSError: [Errno 99] Cannot assign requested address

During handling of the above exception, another exception occurred:

Traceback (most recent call last):
  File "/usr/local/lib/python3.5/dist-packages/pypicontents/api/pypi.py", line 264, in get_pkgdata
    timeout=10).read()
  File "/usr/lib/python3.5/urllib/request.py", line 163, in urlopen
    return opener.open(url, data, timeout)
  File "/usr/lib/python3.5/urllib/request.py", line 466, in open
    response = self._open(req, data)
  File "/usr/lib/python3.5/urllib/request.py", line 484, in _open
    '_open', req)
  File "/usr/lib/python3.5/urllib/request.py", line 444, in _call_chain
    result = func(*args)
  File "/usr/lib/python3.5/urllib/request.py", line 1297, in https_open
    context=self._context, check_hostname=self._check_hostname)
  File "/usr/lib/python3.5/urllib/request.py", line 1256, in do_open
    raise URLError(err)
urllib.error.URLError: <urlopen error [Errno 99] Cannot assign requested address>

[INFO] (xdelta3) This package is up to date.
[INFO] (xdevs) This package is up to date.
[INFO] (xdg) This package is up to date.
[INFO] (xdgmenu) This package is up to date.
[INFO] (xdh-config) This package is up to date.
[INFO] (xdh-dice) This package is up to date.
[INFO] (xdi-pandas) This package is up to date.
[INFO] (xdiamond-jiayun) This package is up to date.
[INFO] (xdice) This package is up to date.
[INFO] (xdict) This package is up to date.
[INFO] (xdiff) This package is up to date.
[INFO] (xdis) This package is up to date.
[INFO] (xdistutils) This package is up to date.
[INFO] (xdjango) This package is up to date.
[INFO] (xdmenu) This package is up to date.
[INFO] (xdocs) This package is up to date.
[INFO] (xdoctest) This package is up to date.
[INFO] (xdot) This package is up to date.
[INFO] (xdress) This package is up to date.
[ERROR] (xdrlib2) This package does not have downloadable releases.
[INFO] (xdrparser) This package is up to date.
[INFO] (xdserver) This package is up to date.
[INFO] (xdspider) This package is up to date.
[INFO] (xdtools) This package is up to date.
[INFO] (xdump) Data has been updated for this package.
[INFO] (xdv) This package is up to date.
[INFO] (xdvtheme-inventions) This package is up to date.
[INFO] (xdvtheme-sparkling) This package is up to date.
[INFO] (xdwlib) This package is up to date.
[INFO] (xe) This package is up to date.
[INFO] (xeddsa) This package is up to date.
[ERROR] (xeemon) This package does not have downloadable releases.
[INFO] (xeger) This package is up to date.
[INFO] (xelpaste) This package is up to date.
[INFO] (xemd) This package is up to date.
[ERROR] (xenalib) This package does not have downloadable releases.
[INFO] (xenapi) This package is up to date.
[INFO] (xenapython) Data has been updated for this package.
[INFO] (xenavalkyrie) This package is up to date.
[INFO] (xenbackup) This package is up to date.
[INFO] (xenballoond) This package is up to date.
[ERROR] (xenia) This package does not have downloadable releases.
[INFO] (xeno) This package is up to date.
[INFO] (xenogi) This package is up to date.
[INFO] (xenoglossia) This package is up to date.
[INFO] (xenomapper) This package is up to date.
[INFO] (xenon) This package is up to date.
[INFO] (xenon-player) This package is up to date.
[INFO] (xenon-tools) This package is up to date.
[INFO] (xenon1234) This package is up to date.
[INFO] (xenonmkv) This package is up to date.
[INFO] (xenonpy) This package is up to date.
[INFO] (xenops) This package is up to date.
[INFO] (xenosimager) This package is up to date.
[INFO] (xenrtapi) This package is up to date.
[INFO] (xentica) This package is up to date.
[INFO] (xenum) This package is up to date.
[INFO] (xenzen) This package is up to date.
[INFO] (xerial) This package is up to date.
[INFO] (xerlok-api) This package is up to date.
[INFO] (xeroapi) This package is up to date.
[INFO] (xerox) This package is up to date.
[INFO] (xes) This package is up to date.
[INFO] (xesmf) This package is up to date.
[INFO] (xetracker) This package is up to date.
[INFO] (xevan-hash) This package is up to date.
[INFO] (xexpr) This package is up to date.
[INFO] (xextract) This package is up to date.
[INFO] (xf-nester) This package is up to date.
[INFO] (xf-scrap) This package is up to date.
[INFO] (xfab) This package is up to date.
[ERROR] (xfacereclib-book-fraes2016) This package does not have downloadable releases.
[INFO] (xfacereclib-extension-csu) This package is up to date.
[INFO] (xfacereclib-paper-befit2012) This package is up to date.
[INFO] (xfacereclib-paper-iet2014) This package is up to date.
[INFO] (xfacereclib-paper-iet2015) This package is up to date.
[INFO] (xfail) This package is up to date.
[INFO] (xfce4-terminal-themes) This package is up to date.
[INFO] (xfcs) This package is up to date.
[INFO] (xfcsdashboard) This package is up to date.
[INFO] (xfdtest) This package is up to date.
[INFO] (xfem) This package is up to date.
[INFO] (xfer) This package is up to date.
[INFO] (xfers) This package is up to date.
[ERROR] (xfile) This package does not have downloadable releases.
[INFO] (xfin) This package is up to date.
[INFO] (xfinity-usage) This package is up to date.
[ERROR] (xfl) This package does not have downloadable releases.
[INFO] (xflash) This package is up to date.
[INFO] (xflat) This package is up to date.
[INFO] (xflow) This package is up to date.
[INFO] (xfnester) This package is up to date.
[INFO] (xfork) This package is up to date.
[INFO] (xformer) This package is up to date.
[INFO] (xframes) This package is up to date.
[INFO] (xfs) This package is up to date.
[INFO] (xfw) This package is up to date.
[INFO] (xgbfir) This package is up to date.
[INFO] (xgbmagic) This package is up to date.
[INFO] (xgboost) This package is up to date.
[INFO] (xgboost-ranking) This package is up to date.
[INFO] (xgboost-tuner) This package is up to date.
[INFO] (xgboostwithwarmstart) This package is up to date.
[INFO] (xgcm) This package is up to date.
[INFO] (xgitberg) This package is up to date.
[ERROR] (xgitgitlab) This package does not have downloadable releases.
[INFO] (xglider) This package is up to date.
[INFO] (xgoogle) This package is up to date.
[INFO] (xgp) This package is up to date.
[INFO] (xgraph) This package is up to date.
[INFO] (xgraphic) This package is up to date.
[INFO] (xheap) This package is up to date.
[INFO] (xhm) This package is up to date.
[INFO] (xhostplus-blog) This package is up to date.
[INFO] (xhostplus-gallery) This package is up to date.
[INFO] (xhostplus-intropage) This package is up to date.
[INFO] (xhostplus-picturefolder) This package is up to date.
[INFO] (xhostplus-social) This package is up to date.
[INFO] (xhostplus-textzoom) This package is up to date.
[INFO] (xhostplus-videojs) This package is up to date.
[ERROR] (xhotkeys) Could not get a response from API for this package. See below for details.
Traceback (most recent call last):
  File "/usr/local/lib/python3.5/dist-packages/pypicontents/api/pypi.py", line 264, in get_pkgdata
    timeout=10).read()
  File "/usr/lib/python3.5/urllib/request.py", line 163, in urlopen
    return opener.open(url, data, timeout)
  File "/usr/lib/python3.5/urllib/request.py", line 472, in open
    response = meth(req, response)
  File "/usr/lib/python3.5/urllib/request.py", line 582, in http_response
    'http', request, response, code, msg, hdrs)
  File "/usr/lib/python3.5/urllib/request.py", line 510, in error
    return self._call_chain(*args)
  File "/usr/lib/python3.5/urllib/request.py", line 444, in _call_chain
    result = func(*args)
  File "/usr/lib/python3.5/urllib/request.py", line 590, in http_error_default
    raise HTTPError(req.full_url, code, msg, hdrs, fp)
urllib.error.HTTPError: HTTP Error 404: Not Found

[INFO] (xhpy) This package is up to date.
[INFO] (xhtml2pdf) This package is up to date.
[INFO] (xhtml2pdf-legacy) This package is up to date.
[ERROR] (xhtmlhook) This package does not have downloadable releases.
[ERROR] (xhttp) This package does not have downloadable releases.
[INFO] (xi) This package is up to date.
[INFO] (xia-nester) This package is up to date.
[INFO] (xiami) This package is up to date.
[INFO] (xiangcheck) This package is up to date.
[INFO] (xiangqi-setup) This package is up to date.
[INFO] (xianshi) This package is up to date.
[INFO] (xiaodnester) This package is up to date.
[INFO] (xiaoe-py) This package is up to date.
[INFO] (xiaofeng-nester) This package is up to date.
[INFO] (xiaofu) This package is up to date.
[INFO] (xiaofufu) This package is up to date.
[INFO] (xiaoli-nester) This package is up to date.
[INFO] (xiaomi) This package is up to date.
[INFO] (xiaomirouter) This package is up to date.
[INFO] (xiaomo) This package is up to date.
[INFO] (xiaowei) This package is up to date.
[INFO] (xiaoyanshitool) This package is up to date.
[INFO] (xiashan) This package is up to date.
[INFO] (xibless) This package is up to date.
[INFO] (xiblint) This package is up to date.
[INFO] (xicam) This package is up to date.
[INFO] (xicam-core) This package is up to date.
[INFO] (xicam-gui) This package is up to date.
[INFO] (xicam-hipies) This package is up to date.
[INFO] (xicam-ipython) This package is up to date.
[INFO] (xicam-log) This package is up to date.
[INFO] (xicam-plugins) This package is up to date.
[INFO] (xicam-saxs) This package is up to date.
[INFO] (xicam-threadmonitor) This package is up to date.
[INFO] (xickle) This package is up to date.
[INFO] (xid) This package is up to date.
[INFO] (xideco) This package is up to date.
[INFO] (xiejing-nester) This package is up to date.
[INFO] (xieyang) This package is up to date.
[INFO] (xigt) This package is up to date.
[INFO] (xillypy) This package is up to date.
[INFO] (ximage) This package is up to date.
[INFO] (ximenez) This package is up to date.
[INFO] (ximpia) This package is up to date.
[INFO] (xin-back) This package is up to date.
[INFO] (xin-first) This package is up to date.
[INFO] (xinci) This package is up to date.
[INFO] (xing-plus) This package is up to date.
[INFO] (xinge-push) This package is up to date.
[ERROR] (xingenester) Could not get a response from API for this package. See below for details.
Traceback (most recent call last):
  File "/usr/local/lib/python3.5/dist-packages/pypicontents/api/pypi.py", line 264, in get_pkgdata
    timeout=10).read()
  File "/usr/lib/python3.5/urllib/request.py", line 163, in urlopen
    return opener.open(url, data, timeout)
  File "/usr/lib/python3.5/urllib/request.py", line 472, in open
    response = meth(req, response)
  File "/usr/lib/python3.5/urllib/request.py", line 582, in http_response
    'http', request, response, code, msg, hdrs)
  File "/usr/lib/python3.5/urllib/request.py", line 510, in error
    return self._call_chain(*args)
  File "/usr/lib/python3.5/urllib/request.py", line 444, in _call_chain
    result = func(*args)
  File "/usr/lib/python3.5/urllib/request.py", line 590, in http_error_default
    raise HTTPError(req.full_url, code, msg, hdrs, fp)
urllib.error.HTTPError: HTTP Error 404: Not Found

[INFO] (xingzuoxy) This package is up to date.
[INFO] (xinjingru) This package is up to date.
[INFO] (xinmokk) This package is up to date.
[INFO] (xinnester) This package is up to date.
[INFO] (xinput) This package is up to date.
[INFO] (xinsonha) This package is up to date.
[INFO] (xinutil) This package is up to date.
[INFO] (xio) This package is up to date.
[INFO] (xiofilechecker) This package is up to date.
[INFO] (xiongxiong) This package is up to date.
[INFO] (xipy) This package is up to date.
[INFO] (xirclplugin-pip) This package is up to date.
[INFO] (xiren) This package is up to date.
[INFO] (xirion) This package is up to date.
[INFO] (xirvik-tools) This package is up to date.
[ERROR] (xiter) Could not get a response from API for this package. See below for details.
Traceback (most recent call last):
  File "/usr/local/lib/python3.5/dist-packages/pypicontents/api/pypi.py", line 264, in get_pkgdata
    timeout=10).read()
  File "/usr/lib/python3.5/urllib/request.py", line 163, in urlopen
    return opener.open(url, data, timeout)
  File "/usr/lib/python3.5/urllib/request.py", line 472, in open
    response = meth(req, response)
  File "/usr/lib/python3.5/urllib/request.py", line 582, in http_response
    'http', request, response, code, msg, hdrs)
  File "/usr/lib/python3.5/urllib/request.py", line 510, in error
    return self._call_chain(*args)
  File "/usr/lib/python3.5/urllib/request.py", line 444, in _call_chain
    result = func(*args)
  File "/usr/lib/python3.5/urllib/request.py", line 590, in http_error_default
    raise HTTPError(req.full_url, code, msg, hdrs, fp)
urllib.error.HTTPError: HTTP Error 404: Not Found

[INFO] (xively-mqtt) This package is up to date.
[INFO] (xively-python) This package is up to date.
[ERROR] (xivelymqtt) This package does not have downloadable releases.
[INFO] (xivo-client-sim) This package is up to date.
[INFO] (xivo-test-helpers) This package is up to date.
[INFO] (xivo-ws) This package is up to date.
[INFO] (xix-utils) This package is up to date.
[INFO] (xixiang) This package is up to date.
[INFO] (xiyuhaochi) This package is up to date.
[INFO] (xiyusullos-nester) This package is up to date.
[INFO] (xjpath) This package is up to date.
[INFO] (xjson) This package is up to date.
[INFO] (xkammd) This package is up to date.
[INFO] (xkammdmmd) This package is up to date.
[ERROR] (xkbcommon) This package does not have downloadable releases.
[INFO] (xkbgroup) This package is up to date.
[INFO] (xkcc537) This package is up to date.
[INFO] (xkcc537211) This package is up to date.
[INFO] (xkcd) This package is up to date.
[INFO] (xkcd-dl) This package is up to date.
[INFO] (xkcd-get) This package is up to date.
[INFO] (xkcd-wallpaper) This package is up to date.
[INFO] (xkcdhermit) This package is up to date.
[INFO] (xkcdloadrbot) This package is up to date.
[INFO] (xkcdpass) This package is up to date.
[INFO] (xkcdpassword) This package is up to date.
[INFO] (xkcdrand) This package is up to date.
[INFO] (xkeysnail) This package is up to date.
[INFO] (xkiller) This package is up to date.
[INFO] (xknx) This package is up to date.
[INFO] (xkpa) This package is up to date.
[ERROR] (xl) This package does not have downloadable releases.
[INFO] (xl-helper) This package is up to date.
[INFO] (xl-link) This package is up to date.
[INFO] (xl-nester) This package is up to date.
[INFO] (xl-sudoku-solver) Data has been updated for this package.
[INFO] (xl-url-convert) This package is up to date.
[INFO] (xl2dict) This package is up to date.
[INFO] (xl2py) This package is up to date.
[INFO] (xlart) This package is up to date.
[INFO] (xlb-nester) This package is up to date.
[INFO] (xld-py-cli) This package is up to date.
[INFO] (xldeploy-py) This package is up to date.
[INFO] (xlearn) This package is up to date.
[INFO] (xlearntestbyamshoreline) This package is up to date.
[INFO] (xled) This package is up to date.
[INFO] (xleditor) This package is up to date.
[INFO] (xlhelper) This package is up to date.
[INFO] (xlib) This package is up to date.
[ERROR] (xlibris) This package does not have downloadable releases.
[INFO] (xlmacros) This package is up to date.
[INFO] (xlmhg) This package is up to date.
[INFO] (xlocal) This package is up to date.
[INFO] (xlocale) This package is up to date.
[INFO] (xloger) This package is up to date.
[INFO] (xlogging) This package is up to date.
[INFO] (xlogin) This package is up to date.
[INFO] (xlparser) This package is up to date.
[ERROR] (xlpo) This package does not have downloadable releases.
[INFO] (xlprocess) This package is up to date.
[INFO] (xlpython) This package is up to date.
[INFO] (xlrd) This package is up to date.
[INFO] (xlrd-with-formulas) This package is up to date.
[ERROR] (xlrd3k) Could not get a response from API for this package. See below for details.
Traceback (most recent call last):
  File "/usr/local/lib/python3.5/dist-packages/pypicontents/api/pypi.py", line 264, in get_pkgdata
    timeout=10).read()
  File "/usr/lib/python3.5/urllib/request.py", line 163, in urlopen
    return opener.open(url, data, timeout)
  File "/usr/lib/python3.5/urllib/request.py", line 472, in open
    response = meth(req, response)
  File "/usr/lib/python3.5/urllib/request.py", line 582, in http_response
    'http', request, response, code, msg, hdrs)
  File "/usr/lib/python3.5/urllib/request.py", line 510, in error
    return self._call_chain(*args)
  File "/usr/lib/python3.5/urllib/request.py", line 444, in _call_chain
    result = func(*args)
  File "/usr/lib/python3.5/urllib/request.py", line 590, in http_error_default
    raise HTTPError(req.full_url, code, msg, hdrs, fp)
urllib.error.HTTPError: HTTP Error 404: Not Found

[INFO] (xls) This package is up to date.
[INFO] (xls-writer) This package is up to date.
[ERROR] (xls2csv) Could not extract data from this package. See below for details.
".0.4.py" extension not supported.
[INFO] (xls2db) This package is up to date.
[INFO] (xlsconv) This package is up to date.
[INFO] (xlscript) This package is up to date.
[INFO] (xlseries) This package is up to date.
[INFO] (xlserver) This package is up to date.
[INFO] (xlsimport) This package is up to date.
[INFO] (xlsrch) This package is up to date.
[ERROR] (xlsx) This package does not have downloadable releases.
[INFO] (xlsx-from-json) This package is up to date.
[INFO] (xlsx-streaming) This package is up to date.
[INFO] (xlsx-to-handontable) This package is up to date.
[INFO] (xlsx2csv) This package is up to date.
[INFO] (xlsx2html) This package is up to date.
[INFO] (xlsx2json) This package is up to date.
[INFO] (xlsxcessive) This package is up to date.
[INFO] (xlsxcompare) This package is up to date.
[INFO] (xlsxcursor) This package is up to date.
[WARNING] 
[WARNING] Processing has taken more than 2100 seconds. Interrupting.
[WARNING] Processing will continue in next iteration.
[WARNING] 
[INFO] 
[INFO] 
[INFO] Total packages: 1213
[INFO]     Packages processed: 505
[INFO]         Packages updated: 6
[INFO]         Packages up-to-date: 462
[INFO]         Packages without response: 9
[INFO]         Packages without urls: 0
[INFO]         Packages without downloads: 27
[INFO]         Packages with data errors: 1
[INFO]     Packages not processed: 708
[INFO] 
[INFO] 
[INFO] Ending execution.
